{"uuid":"d2872309-a29a-472a-b1de-6920b1c0ac2e","historyId":"3453c496789f1fa8cf45dc6e3c3e4ed7","fullName":"Login functionality test cases: Negative - User should not be able to login in the application","labels":[{"name":"tag","value":"web"},{"name":"tag","value":"login2"},{"name":"host","value":"Sharys-Mackbook-Pro.local"},{"name":"thread","value":"31570@Sharys-Mackbook-Pro.local.main(1)"},{"name":"feature","value":"Login functionality test cases"},{"name":"story","value":"Negative - User should not be able to login in the application"},{"name":"suite","value":"Login functionality test cases"},{"name":"testClass","value":"Negative - User should not be able to login in the application"},{"name":"framework","value":"cucumber4jvm"},{"name":"language","value":"java"},{"name":"gherkin_uri","value":"file:///Users/macbook/Desktop/Resume/Automation/shary-selenium-java/src/test/java/features/Login.feature"},{"name":"package","value":"src.test.java.features.Login_feature.Login functionality test cases"}],"links":[],"name":"Negative - User should not be able to login in the application","status":"broken","statusDetails":{"known":false,"muted":false,"flaky":false,"message":"TypeError: browsingContext.currentWindowGlobal is null\nBuild info: version: '4.11.0', revision: '040bc5406b'\nSystem info: os.name: 'Mac OS X', os.arch: 'aarch64', os.version: '14.2.1', java.version: '22.0.1'\nDriver info: org.openqa.selenium.firefox.FirefoxDriver\nCommand: [69bde2fa-159e-4bc6-92fa-11aa6e22d3fb, findElement {using=css selector, value=input[name=\"email\"]}]\nCapabilities {acceptInsecureCerts: true, browserName: firefox, browserVersion: 125.0.3, moz:accessibilityChecks: false, moz:buildID: 20240425211020, moz:debuggerAddress: 127.0.0.1:14118, moz:geckodriverVersion: 0.34.0, moz:headless: false, moz:platformVersion: 23.2.0, moz:processID: 31745, moz:profile: /var/folders/cc/gb923fdn0cv..., moz:shutdownTimeout: 60000, moz:webdriverClick: true, moz:windowless: false, pageLoadStrategy: normal, platformName: mac, proxy: Proxy(), se:cdp: ws://127.0.0.1:14118/devtoo..., se:cdpVersion: 85.0, setWindowRect: true, strictFileInteractability: false, timeouts: {implicit: 0, pageLoad: 300000, script: 30000}, unhandledPromptBehavior: dismiss and notify, userAgent: Mozilla/5.0 (Macintosh; Int...}\nSession ID: 69bde2fa-159e-4bc6-92fa-11aa6e22d3fb","trace":"org.openqa.selenium.WebDriverException: TypeError: browsingContext.currentWindowGlobal is null\nBuild info: version: '4.11.0', revision: '040bc5406b'\nSystem info: os.name: 'Mac OS X', os.arch: 'aarch64', os.version: '14.2.1', java.version: '22.0.1'\nDriver info: org.openqa.selenium.firefox.FirefoxDriver\nCommand: [69bde2fa-159e-4bc6-92fa-11aa6e22d3fb, findElement {using=css selector, value=input[name=\"email\"]}]\nCapabilities {acceptInsecureCerts: true, browserName: firefox, browserVersion: 125.0.3, moz:accessibilityChecks: false, moz:buildID: 20240425211020, moz:debuggerAddress: 127.0.0.1:14118, moz:geckodriverVersion: 0.34.0, moz:headless: false, moz:platformVersion: 23.2.0, moz:processID: 31745, moz:profile: /var/folders/cc/gb923fdn0cv..., moz:shutdownTimeout: 60000, moz:webdriverClick: true, moz:windowless: false, pageLoadStrategy: normal, platformName: mac, proxy: Proxy(), se:cdp: ws://127.0.0.1:14118/devtoo..., se:cdpVersion: 85.0, setWindowRect: true, strictFileInteractability: false, timeouts: {implicit: 0, pageLoad: 300000, script: 30000}, unhandledPromptBehavior: dismiss and notify, userAgent: Mozilla/5.0 (Macintosh; Int...}\nSession ID: 69bde2fa-159e-4bc6-92fa-11aa6e22d3fb\n\tat java.base/jdk.internal.reflect.DirectConstructorHandleAccessor.newInstance(DirectConstructorHandleAccessor.java:62)\n\tat java.base/java.lang.reflect.Constructor.newInstanceWithCaller(Constructor.java:502)\n\tat java.base/java.lang.reflect.Constructor.newInstance(Constructor.java:486)\n\tat org.openqa.selenium.remote.codec.w3c.W3CHttpResponseCodec.createException(W3CHttpResponseCodec.java:200)\n\tat org.openqa.selenium.remote.codec.w3c.W3CHttpResponseCodec.decode(W3CHttpResponseCodec.java:133)\n\tat org.openqa.selenium.remote.codec.w3c.W3CHttpResponseCodec.decode(W3CHttpResponseCodec.java:52)\n\tat org.openqa.selenium.remote.HttpCommandExecutor.execute(HttpCommandExecutor.java:191)\n\tat org.openqa.selenium.remote.service.DriverCommandExecutor.invokeExecute(DriverCommandExecutor.java:196)\n\tat org.openqa.selenium.remote.service.DriverCommandExecutor.execute(DriverCommandExecutor.java:171)\n\tat org.openqa.selenium.remote.RemoteWebDriver.execute(RemoteWebDriver.java:518)\n\tat org.openqa.selenium.remote.ElementLocation$ElementFinder$2.findElement(ElementLocation.java:165)\n\tat org.openqa.selenium.remote.ElementLocation.findElement(ElementLocation.java:59)\n\tat org.openqa.selenium.remote.RemoteWebDriver.findElement(RemoteWebDriver.java:355)\n\tat org.openqa.selenium.remote.RemoteWebDriver.findElement(RemoteWebDriver.java:349)\n\tat org.openqa.selenium.support.ui.ExpectedConditions$7.apply(ExpectedConditions.java:194)\n\tat org.openqa.selenium.support.ui.ExpectedConditions$7.apply(ExpectedConditions.java:190)\n\tat org.openqa.selenium.support.ui.FluentWait.until(FluentWait.java:205)\n\tat mercans.pageobjects.LoginPage.setEmail(LoginPage.java:23)\n\tat mercans.stepdefinations.LoginSteps.iEnterUserNameOnLogInPage(LoginSteps.java:21)\n\tat ✽.I enter email \"invalidEmail\" in logIn Screen(file:///Users/macbook/Desktop/Resume/Automation/shary-selenium-java/src/test/java/features/Login.feature:17)\n"},"stage":"finished","steps":[{"name":"When  I enter email \"invalidEmail\" in logIn Screen","status":"broken","statusDetails":{"known":false,"muted":false,"flaky":false,"message":"TypeError: browsingContext.currentWindowGlobal is null\nBuild info: version: '4.11.0', revision: '040bc5406b'\nSystem info: os.name: 'Mac OS X', os.arch: 'aarch64', os.version: '14.2.1', java.version: '22.0.1'\nDriver info: org.openqa.selenium.firefox.FirefoxDriver\nCommand: [69bde2fa-159e-4bc6-92fa-11aa6e22d3fb, findElement {using=css selector, value=input[name=\"email\"]}]\nCapabilities {acceptInsecureCerts: true, browserName: firefox, browserVersion: 125.0.3, moz:accessibilityChecks: false, moz:buildID: 20240425211020, moz:debuggerAddress: 127.0.0.1:14118, moz:geckodriverVersion: 0.34.0, moz:headless: false, moz:platformVersion: 23.2.0, moz:processID: 31745, moz:profile: /var/folders/cc/gb923fdn0cv..., moz:shutdownTimeout: 60000, moz:webdriverClick: true, moz:windowless: false, pageLoadStrategy: normal, platformName: mac, proxy: Proxy(), se:cdp: ws://127.0.0.1:14118/devtoo..., se:cdpVersion: 85.0, setWindowRect: true, strictFileInteractability: false, timeouts: {implicit: 0, pageLoad: 300000, script: 30000}, unhandledPromptBehavior: dismiss and notify, userAgent: Mozilla/5.0 (Macintosh; Int...}\nSession ID: 69bde2fa-159e-4bc6-92fa-11aa6e22d3fb","trace":"org.openqa.selenium.WebDriverException: TypeError: browsingContext.currentWindowGlobal is null\nBuild info: version: '4.11.0', revision: '040bc5406b'\nSystem info: os.name: 'Mac OS X', os.arch: 'aarch64', os.version: '14.2.1', java.version: '22.0.1'\nDriver info: org.openqa.selenium.firefox.FirefoxDriver\nCommand: [69bde2fa-159e-4bc6-92fa-11aa6e22d3fb, findElement {using=css selector, value=input[name=\"email\"]}]\nCapabilities {acceptInsecureCerts: true, browserName: firefox, browserVersion: 125.0.3, moz:accessibilityChecks: false, moz:buildID: 20240425211020, moz:debuggerAddress: 127.0.0.1:14118, moz:geckodriverVersion: 0.34.0, moz:headless: false, moz:platformVersion: 23.2.0, moz:processID: 31745, moz:profile: /var/folders/cc/gb923fdn0cv..., moz:shutdownTimeout: 60000, moz:webdriverClick: true, moz:windowless: false, pageLoadStrategy: normal, platformName: mac, proxy: Proxy(), se:cdp: ws://127.0.0.1:14118/devtoo..., se:cdpVersion: 85.0, setWindowRect: true, strictFileInteractability: false, timeouts: {implicit: 0, pageLoad: 300000, script: 30000}, unhandledPromptBehavior: dismiss and notify, userAgent: Mozilla/5.0 (Macintosh; Int...}\nSession ID: 69bde2fa-159e-4bc6-92fa-11aa6e22d3fb\n\tat java.base/jdk.internal.reflect.DirectConstructorHandleAccessor.newInstance(DirectConstructorHandleAccessor.java:62)\n\tat java.base/java.lang.reflect.Constructor.newInstanceWithCaller(Constructor.java:502)\n\tat java.base/java.lang.reflect.Constructor.newInstance(Constructor.java:486)\n\tat org.openqa.selenium.remote.codec.w3c.W3CHttpResponseCodec.createException(W3CHttpResponseCodec.java:200)\n\tat org.openqa.selenium.remote.codec.w3c.W3CHttpResponseCodec.decode(W3CHttpResponseCodec.java:133)\n\tat org.openqa.selenium.remote.codec.w3c.W3CHttpResponseCodec.decode(W3CHttpResponseCodec.java:52)\n\tat org.openqa.selenium.remote.HttpCommandExecutor.execute(HttpCommandExecutor.java:191)\n\tat org.openqa.selenium.remote.service.DriverCommandExecutor.invokeExecute(DriverCommandExecutor.java:196)\n\tat org.openqa.selenium.remote.service.DriverCommandExecutor.execute(DriverCommandExecutor.java:171)\n\tat org.openqa.selenium.remote.RemoteWebDriver.execute(RemoteWebDriver.java:518)\n\tat org.openqa.selenium.remote.ElementLocation$ElementFinder$2.findElement(ElementLocation.java:165)\n\tat org.openqa.selenium.remote.ElementLocation.findElement(ElementLocation.java:59)\n\tat org.openqa.selenium.remote.RemoteWebDriver.findElement(RemoteWebDriver.java:355)\n\tat org.openqa.selenium.remote.RemoteWebDriver.findElement(RemoteWebDriver.java:349)\n\tat org.openqa.selenium.support.ui.ExpectedConditions$7.apply(ExpectedConditions.java:194)\n\tat org.openqa.selenium.support.ui.ExpectedConditions$7.apply(ExpectedConditions.java:190)\n\tat org.openqa.selenium.support.ui.FluentWait.until(FluentWait.java:205)\n\tat mercans.pageobjects.LoginPage.setEmail(LoginPage.java:23)\n\tat mercans.stepdefinations.LoginSteps.iEnterUserNameOnLogInPage(LoginSteps.java:21)\n\tat ✽.I enter email \"invalidEmail\" in logIn Screen(file:///Users/macbook/Desktop/Resume/Automation/shary-selenium-java/src/test/java/features/Login.feature:17)\n"},"stage":"finished","steps":[],"attachments":[],"parameters":[],"start":1715534803046,"stop":1715534803631},{"name":"And  I enter password \"managerPassword\" in logIn Screen","status":"skipped","statusDetails":{"known":false,"muted":false,"flaky":false},"stage":"finished","steps":[],"attachments":[],"parameters":[],"start":1715534803631,"stop":1715534803631},{"name":"And  I click on the login button","status":"skipped","statusDetails":{"known":false,"muted":false,"flaky":false},"stage":"finished","steps":[],"attachments":[],"parameters":[],"start":1715534803631,"stop":1715534803632},{"name":"Then  Validate the login error \"Invalid username/password.\" message","status":"skipped","statusDetails":{"known":false,"muted":false,"flaky":false},"stage":"finished","steps":[],"attachments":[],"parameters":[],"start":1715534803632,"stop":1715534803632}],"attachments":[],"parameters":[{"name":"email","value":"invalidEmail"},{"name":"password","value":"managerPassword"},{"name":"error_login_message","value":"Invalid username/password."}],"start":1715534800912,"stop":1715534803635}